Using pre-set license
Built from '6000.1/staging' branch; Version is '6000.1.0f1 (9ea152932a88) revision 10395986'; Using compiler version '194234433'; Build Type 'Release'
OS: 'Windows 11  (10.0.22631) 64bit Core' Language: 'fr' Physical Memory: 15706 MB
BatchMode: 1, IsHumanControllingUs: 0, StartBugReporterOnCrash: 0, Is64bit: 1, IsPro: 1
Date: 2025-05-05T10:42:38Z

COMMAND LINE ARGUMENTS:
C:\Program Files\Unity\Hub\Editor\6000.1.0f1\Editor\Unity.exe
-adb2
-batchMode
-noUpm
-name
AssetImportWorker1
-projectPath
C:/Users/Caplogy_050924_01/AI_Enemy_2
-logFile
Logs/AssetImportWorker1.log
-srvPort
65057
-job-worker-count
7
-background-job-worker-count
8
-gc-helper-count
1
-name
AssetImport
Successfully changed project path to: C:/Users/Caplogy_050924_01/AI_Enemy_2
C:/Users/Caplogy_050924_01/AI_Enemy_2
[UnityMemory] Configuration Parameters - Can be set up in boot.config
    "memorysetup-allocator-temp-initial-block-size-main=262144"
    "memorysetup-allocator-temp-initial-block-size-worker=262144"
    "memorysetup-bucket-allocator-granularity=16"
    "memorysetup-bucket-allocator-bucket-count=8"
    "memorysetup-bucket-allocator-block-size=33554432"
    "memorysetup-bucket-allocator-block-count=8"
    "memorysetup-main-allocator-block-size=16777216"
    "memorysetup-thread-allocator-block-size=16777216"
    "memorysetup-gfx-main-allocator-block-size=16777216"
    "memorysetup-gfx-thread-allocator-block-size=16777216"
    "memorysetup-cache-allocator-block-size=4194304"
    "memorysetup-typetree-allocator-block-size=2097152"
    "memorysetup-profiler-bucket-allocator-granularity=16"
    "memorysetup-profiler-bucket-allocator-bucket-count=8"
    "memorysetup-profiler-bucket-allocator-block-size=33554432"
    "memorysetup-profiler-bucket-allocator-block-count=8"
    "memorysetup-profiler-allocator-block-size=16777216"
    "memorysetup-profiler-editor-allocator-block-size=1048576"
    "memorysetup-temp-allocator-size-main=16777216"
    "memorysetup-job-temp-allocator-block-size=2097152"
    "memorysetup-job-temp-allocator-block-size-background=1048576"
    "memorysetup-job-temp-allocator-reduction-small-platforms=262144"
    "memorysetup-temp-allocator-size-background-worker=32768"
    "memorysetup-temp-allocator-size-job-worker=262144"
    "memorysetup-temp-allocator-size-preload-manager=33554432"
    "memorysetup-temp-allocator-size-nav-mesh-worker=65536"
    "memorysetup-temp-allocator-size-audio-worker=65536"
    "memorysetup-temp-allocator-size-cloud-worker=32768"
    "memorysetup-temp-allocator-size-gi-baking-worker=262144"
    "memorysetup-temp-allocator-size-gi-baking-worker=262144"
    "memorysetup-temp-allocator-size-gi-baking-worker=262144"
    "memorysetup-temp-allocator-size-gi-baking-worker=262144"
    "memorysetup-temp-allocator-size-gi-baking-worker=262144"
    "memorysetup-temp-allocator-size-gfx=262144"
Player connection [19708]  Target information:

Player connection [19708]  * "[IP] 192.168.56.1 [Port] 0 [Flags] 2 [Guid] 4000439255 [EditorId] 4000439255 [Version] 1048832 [Id] WindowsEditor(7,Caplogy_24_01) [Debug] 1 [PackageName] WindowsEditor [ProjectName] Editor" 

Player connection [19708]  * "[IP] 192.168.109.1 [Port] 0 [Flags] 2 [Guid] 4000439255 [EditorId] 4000439255 [Version] 1048832 [Id] WindowsEditor(7,Caplogy_24_01) [Debug] 1 [PackageName] WindowsEditor [ProjectName] Editor" 

Player connection [19708]  * "[IP] 192.168.75.1 [Port] 0 [Flags] 2 [Guid] 4000439255 [EditorId] 4000439255 [Version] 1048832 [Id] WindowsEditor(7,Caplogy_24_01) [Debug] 1 [PackageName] WindowsEditor [ProjectName] Editor" 

Player connection [19708]  * "[IP] 192.168.1.149 [Port] 0 [Flags] 2 [Guid] 4000439255 [EditorId] 4000439255 [Version] 1048832 [Id] WindowsEditor(7,Caplogy_24_01) [Debug] 1 [PackageName] WindowsEditor [ProjectName] Editor" 

Player connection [19708] Host joined multi-casting on [225.0.0.222:54997]...
Player connection [19708] Host joined alternative multi-casting on [225.0.0.222:34997]...
JobSystem: Creating JobQueue using job-worker-count value 7
Input System module state changed to: Initialized.
[Physics::Module] Initialized fallback backend.
[Physics::Module] Id: 0xdecafbad
Library Redirect Path: Library/
[Physics::Module] Selected backend.
[Physics::Module] Name: PhysX
[Physics::Module] Id: 0xf2b8ea05
[Physics::Module] SDK Version: 4.1.2
[Physics::Module] Integration Version: 1.0.0
[Physics::Module] Threading Mode: Multi-Threaded
Refreshing native plugins compatible for Editor in 6.01 ms, found 3 plugins.
Preloading 0 native plugins for Editor in 0.00 ms.
Initialize engine version: 6000.1.0f1 (9ea152932a88)
[Subsystems] Discovering subsystems at path C:/Program Files/Unity/Hub/Editor/6000.1.0f1/Editor/Data/Resources/UnitySubsystems
[Subsystems] Discovering subsystems at path C:/Users/Caplogy_050924_01/AI_Enemy_2/Assets
GfxDevice: creating device client; kGfxThreadingModeNonThreaded
Direct3D:
    Version:         Direct3D 12 [level 12.1]
    Renderer:        AMD Radeon(TM) Graphics (ID=0x164c)
    Vendor:          ATI
    VRAM:            7853 MB
    App VRAM Budget: 7675 MB
    Driver:          31.0.12042.16001
    Unified Memory Architecture
Initialize mono
Mono path[0] = 'C:/Program Files/Unity/Hub/Editor/6000.1.0f1/Editor/Data/Managed'
Mono path[1] = 'C:/Program Files/Unity/Hub/Editor/6000.1.0f1/Editor/Data/MonoBleedingEdge/lib/mono/unityjit-win32'
Mono config path = 'C:/Program Files/Unity/Hub/Editor/6000.1.0f1/Editor/Data/MonoBleedingEdge/etc'
Using monoOptions --debugger-agent=transport=dt_socket,embedding=1,server=y,suspend=n,address=127.0.0.1:56612
Begin MonoManager ReloadAssembly
Registering precompiled unity dll's ...
Register platform support module: C:/Program Files/Unity/Hub/Editor/6000.1.0f1/Editor/Data/PlaybackEngines/WebGLSupport/UnityEditor.WebGL.Extensions.dll
Register platform support module: C:/Program Files/Unity/Hub/Editor/6000.1.0f1/Editor/Data/PlaybackEngines/WindowsStandaloneSupport/UnityEditor.WindowsStandalone.Extensions.dll
Registered in 0.003679 seconds.
- Loaded All Assemblies, in  0.839 seconds
Native extension for WindowsStandalone target not found
Native extension for WebGL target not found
Mono: successfully reloaded assembly
- Finished resetting the current domain, in  0.810 seconds
Domain Reload Profiling: 1646ms
	BeginReloadAssembly (244ms)
		ExecutionOrderSort (0ms)
		DisableScriptedObjects (0ms)
		BackupInstance (0ms)
		ReleaseScriptingObjects (0ms)
		CreateAndSetChildDomain (1ms)
	RebuildCommonClasses (78ms)
	RebuildNativeTypeToScriptingClass (18ms)
	initialDomainReloadingComplete (108ms)
	LoadAllAssembliesAndSetupDomain (387ms)
		LoadAssemblies (243ms)
		RebuildTransferFunctionScriptingTraits (0ms)
		AnalyzeDomain (382ms)
			TypeCache.Refresh (379ms)
				TypeCache.ScanAssembly (353ms)
			BuildScriptInfoCaches (0ms)
			ResolveRequiredComponents (1ms)
	FinalizeReload (811ms)
		ReleaseScriptCaches (0ms)
		RebuildScriptCaches (0ms)
		SetupLoadedEditorAssemblies (719ms)
			LogAssemblyErrors (0ms)
			InitializePlatformSupportModulesInManaged (108ms)
			SetLoadedEditorAssemblies (7ms)
			BeforeProcessingInitializeOnLoad (103ms)
			ProcessInitializeOnLoadAttributes (333ms)
			ProcessInitializeOnLoadMethodAttributes (167ms)
			AfterProcessingInitializeOnLoad (0ms)
			EditorAssembliesLoaded (0ms)
		ExecutionOrderSort2 (0ms)
		AwakeInstancesAfterBackupRestoration (0ms)
========================================================================
Worker process is ready to serve import requests
Import Worker Mode flag is 0x00
Begin MonoManager ReloadAssembly
- Loaded All Assemblies, in  1.471 seconds
Refreshing native plugins compatible for Editor in 1.63 ms, found 3 plugins.
Native extension for WindowsStandalone target not found
Native extension for WebGL target not found
Mono: successfully reloaded assembly
- Finished resetting the current domain, in  1.421 seconds
Domain Reload Profiling: 2888ms
	BeginReloadAssembly (300ms)
		ExecutionOrderSort (0ms)
		DisableScriptedObjects (12ms)
		BackupInstance (0ms)
		ReleaseScriptingObjects (0ms)
		CreateAndSetChildDomain (62ms)
	RebuildCommonClasses (62ms)
	RebuildNativeTypeToScriptingClass (21ms)
	initialDomainReloadingComplete (76ms)
	LoadAllAssembliesAndSetupDomain (1007ms)
		LoadAssemblies (770ms)
		RebuildTransferFunctionScriptingTraits (0ms)
		AnalyzeDomain (392ms)
			TypeCache.Refresh (301ms)
				TypeCache.ScanAssembly (273ms)
			BuildScriptInfoCaches (66ms)
			ResolveRequiredComponents (20ms)
	FinalizeReload (1422ms)
		ReleaseScriptCaches (0ms)
		RebuildScriptCaches (0ms)
		SetupLoadedEditorAssemblies (1015ms)
			LogAssemblyErrors (0ms)
			InitializePlatformSupportModulesInManaged (3ms)
			SetLoadedEditorAssemblies (6ms)
			BeforeProcessingInitializeOnLoad (155ms)
			ProcessInitializeOnLoadAttributes (754ms)
			ProcessInitializeOnLoadMethodAttributes (90ms)
			AfterProcessingInitializeOnLoad (8ms)
			EditorAssembliesLoaded (0ms)
		ExecutionOrderSort2 (0ms)
		AwakeInstancesAfterBackupRestoration (11ms)
Launched and connected shader compiler UnityShaderCompiler.exe after 0.02 seconds
Refreshing native plugins compatible for Editor in 2.16 ms, found 1 plugins.
Preloading 0 native plugins for Editor in 0.00 ms.
Unloading 202 Unused Serialized files (Serialized files now loaded: 0)
Unloading 5958 unused Assets / (5.2 MB). Loaded Objects now: 6651.
Memory consumption went from 159.0 MB to 153.8 MB.
Total: 24.336100 ms (FindLiveObjects: 2.283300 ms CreateObjectMapping: 2.569700 ms MarkObjects: 10.534800 ms  DeleteObjects: 8.944400 ms)

========================================================================
Received Import Request.
  Time since last request: 13045.934939 seconds.
  path: Assets/Readme.asset
  artifactKey: Guid(8105016687592461f977c054a80ce2f2) Importer(815301076,1909f56bfc062723c751e8b465ee728b)
Start importing Assets/Readme.asset using Guid(8105016687592461f977c054a80ce2f2) Importer(815301076,1909f56bfc062723c751e8b465ee728b) (PreviewImporter) -> (artifact id: '50ea5ad2cda8720781b90d71f311d8d1') in 0.0528156 seconds
Number of updated asset objects reloaded before import = 0Number of asset objects unloaded after import = 2

========================================================================
Received Prepare
Begin MonoManager ReloadAssembly
- Loaded All Assemblies, in  1.356 seconds
Refreshing native plugins compatible for Editor in 2.35 ms, found 3 plugins.
Native extension for WindowsStandalone target not found
Native extension for WebGL target not found
Mono: successfully reloaded assembly
- Finished resetting the current domain, in  3.178 seconds
Domain Reload Profiling: 4535ms
	BeginReloadAssembly (404ms)
		ExecutionOrderSort (0ms)
		DisableScriptedObjects (18ms)
		BackupInstance (0ms)
		ReleaseScriptingObjects (0ms)
		CreateAndSetChildDomain (126ms)
	RebuildCommonClasses (65ms)
	RebuildNativeTypeToScriptingClass (19ms)
	initialDomainReloadingComplete (49ms)
	LoadAllAssembliesAndSetupDomain (818ms)
		LoadAssemblies (631ms)
		RebuildTransferFunctionScriptingTraits (0ms)
		AnalyzeDomain (364ms)
			TypeCache.Refresh (209ms)
				TypeCache.ScanAssembly (186ms)
			BuildScriptInfoCaches (133ms)
			ResolveRequiredComponents (18ms)
	FinalizeReload (3180ms)
		ReleaseScriptCaches (0ms)
		RebuildScriptCaches (0ms)
		SetupLoadedEditorAssemblies (1057ms)
			LogAssemblyErrors (0ms)
			InitializePlatformSupportModulesInManaged (10ms)
			SetLoadedEditorAssemblies (13ms)
			BeforeProcessingInitializeOnLoad (216ms)
			ProcessInitializeOnLoadAttributes (688ms)
			ProcessInitializeOnLoadMethodAttributes (124ms)
			AfterProcessingInitializeOnLoad (7ms)
			EditorAssembliesLoaded (0ms)
		ExecutionOrderSort2 (0ms)
		AwakeInstancesAfterBackupRestoration (28ms)
Refreshing native plugins compatible for Editor in 1.67 ms, found 3 plugins.
Preloading 0 native plugins for Editor in 0.00 ms.
Unloading 23 Unused Serialized files (Serialized files now loaded: 0)
Unloading 5964 unused Assets / (4.9 MB). Loaded Objects now: 6679.
Memory consumption went from 137.4 MB to 132.5 MB.
Total: 21.429000 ms (FindLiveObjects: 1.197800 ms CreateObjectMapping: 1.010700 ms MarkObjects: 11.014600 ms  DeleteObjects: 8.201900 ms)

Prepare: number of updated asset objects reloaded= 0
========================================================================
Received Import Request.
  Time since last request: 149.181030 seconds.
  path: Assets/RPG Tiny Hero Duo/Material/Polyart_Default.mat
  artifactKey: Guid(348eeda6cad5d86469a42deac7177e6f) Importer(815301076,1909f56bfc062723c751e8b465ee728b)
Start importing Assets/RPG Tiny Hero Duo/Material/Polyart_Default.mat using Guid(348eeda6cad5d86469a42deac7177e6f) Importer(815301076,1909f56bfc062723c751e8b465ee728b) (PreviewImporter) -> (artifact id: '60491b61023202c1b1dec9357dd06ddc') in 0.9495631 seconds
Number of updated asset objects reloaded before import = 0Number of asset objects unloaded after import = 3

========================================================================
Received Import Request.
  Time since last request: 0.000061 seconds.
  path: Assets/RPG Tiny Hero Duo/Material/Skybox_Mat.mat
  artifactKey: Guid(353466c49cf019540bf2ac95815b7c1e) Importer(815301076,1909f56bfc062723c751e8b465ee728b)
Start importing Assets/RPG Tiny Hero Duo/Material/Skybox_Mat.mat using Guid(353466c49cf019540bf2ac95815b7c1e) Importer(815301076,1909f56bfc062723c751e8b465ee728b) (PreviewImporter) -> (artifact id: '27f982e19731c35a0dc2a90ee3788fea') in 0.2687093 seconds
Number of updated asset objects reloaded before import = 0Number of asset objects unloaded after import = 1

========================================================================
Received Import Request.
  Time since last request: 41.814847 seconds.
  path: Assets/RPG Tiny Hero Duo/Prefab/FemaleCharacterPolyart.prefab
  artifactKey: Guid(257c304c754d3b247a51ef5bea7a90d0) Importer(815301076,1909f56bfc062723c751e8b465ee728b)
Start importing Assets/RPG Tiny Hero Duo/Prefab/FemaleCharacterPolyart.prefab using Guid(257c304c754d3b247a51ef5bea7a90d0) Importer(815301076,1909f56bfc062723c751e8b465ee728b) (PreviewImporter) -> (artifact id: '46cea0b6a7fa48b5c16b87a852155653') in 0.2046125 seconds
Number of updated asset objects reloaded before import = 0Number of asset objects unloaded after import = 267

========================================================================
Received Import Request.
  Time since last request: 0.000098 seconds.
  path: Assets/RPG Tiny Hero Duo/Prefab/MaleCharacterPolyart.prefab
  artifactKey: Guid(c564c8c0d0cdc45429417f315e9f3e41) Importer(815301076,1909f56bfc062723c751e8b465ee728b)
Start importing Assets/RPG Tiny Hero Duo/Prefab/MaleCharacterPolyart.prefab using Guid(c564c8c0d0cdc45429417f315e9f3e41) Importer(815301076,1909f56bfc062723c751e8b465ee728b) (PreviewImporter) -> (artifact id: '06180557b61f55f6df1cb934aff206b6') in 0.0764223 seconds
Number of updated asset objects reloaded before import = 0Number of asset objects unloaded after import = 245

========================================================================
Received Import Request.
  Time since last request: 0.000078 seconds.
  path: Assets/RPG Tiny Hero Duo/Prefab/OHS03Polyart.prefab
  artifactKey: Guid(f0aae4c8b38e02e48a4124483b105340) Importer(815301076,1909f56bfc062723c751e8b465ee728b)
Start importing Assets/RPG Tiny Hero Duo/Prefab/OHS03Polyart.prefab using Guid(f0aae4c8b38e02e48a4124483b105340) Importer(815301076,1909f56bfc062723c751e8b465ee728b) (PreviewImporter) -> (artifact id: 'e147f82ec755e9dbfdbb6550bdf98991') in 0.0480192 seconds
Number of updated asset objects reloaded before import = 0Number of asset objects unloaded after import = 10

========================================================================
Received Import Request.
  Time since last request: 0.000051 seconds.
  path: Assets/RPG Tiny Hero Duo/Prefab/OHS06PBR.prefab
  artifactKey: Guid(3617e4093ca8d5145986d37c89cfd692) Importer(815301076,1909f56bfc062723c751e8b465ee728b)
Start importing Assets/RPG Tiny Hero Duo/Prefab/OHS06PBR.prefab using Guid(3617e4093ca8d5145986d37c89cfd692) Importer(815301076,1909f56bfc062723c751e8b465ee728b) (PreviewImporter) -> (artifact id: '4d2dfe3b0836ba7fa82322e5db3bf81e') in 0.091141 seconds
Number of updated asset objects reloaded before import = 0Number of asset objects unloaded after import = 11

========================================================================
Received Import Request.
  Time since last request: 0.000119 seconds.
  path: Assets/RPG Tiny Hero Duo/Prefab/Shield05PBR.prefab
  artifactKey: Guid(ac86f8ddca59acb4184d3eb42067bafa) Importer(815301076,1909f56bfc062723c751e8b465ee728b)
Start importing Assets/RPG Tiny Hero Duo/Prefab/Shield05PBR.prefab using Guid(ac86f8ddca59acb4184d3eb42067bafa) Importer(815301076,1909f56bfc062723c751e8b465ee728b) (PreviewImporter) -> (artifact id: '9f703ba20b503457836e62350d317804') in 0.0650958 seconds
Number of updated asset objects reloaded before import = 0Number of asset objects unloaded after import = 11

========================================================================
Received Import Request.
  Time since last request: 0.000144 seconds.
  path: Assets/RPG Tiny Hero Duo/Prefab/OHS03PBR.prefab
  artifactKey: Guid(9fbe61d1f4bc091439f25f985dd189a5) Importer(815301076,1909f56bfc062723c751e8b465ee728b)
Start importing Assets/RPG Tiny Hero Duo/Prefab/OHS03PBR.prefab using Guid(9fbe61d1f4bc091439f25f985dd189a5) Importer(815301076,1909f56bfc062723c751e8b465ee728b) (PreviewImporter) -> (artifact id: 'a2ca9684a9e7da89f14820fb00281f04') in 0.1526865 seconds
Number of updated asset objects reloaded before import = 0Number of asset objects unloaded after import = 11

========================================================================
Received Import Request.
  Time since last request: 18.966684 seconds.
  path: Assets/RPG Tiny Hero Duo/Animation/SwordAndShield/Attack03_SwordAndShiled.fbx
  artifactKey: Guid(9a6c3585df66f2e4782635fc7a23494c) Importer(815301076,1909f56bfc062723c751e8b465ee728b)
Start importing Assets/RPG Tiny Hero Duo/Animation/SwordAndShield/Attack03_SwordAndShiled.fbx using Guid(9a6c3585df66f2e4782635fc7a23494c) Importer(815301076,1909f56bfc062723c751e8b465ee728b) (PreviewImporter) -> (artifact id: 'be1afc18dd7935587159f912d504dafb') in 7.9606961 seconds
Number of updated asset objects reloaded before import = 0Number of asset objects unloaded after import = 111

========================================================================
Received Import Request.
  Time since last request: 0.000069 seconds.
  path: Assets/RPG Tiny Hero Duo/Animation/SwordAndShield/Die01_Stay_SwordAndShield.fbx
  artifactKey: Guid(0e112f1584fcccd4face09e3b7156832) Importer(815301076,1909f56bfc062723c751e8b465ee728b)
Start importing Assets/RPG Tiny Hero Duo/Animation/SwordAndShield/Die01_Stay_SwordAndShield.fbx using Guid(0e112f1584fcccd4face09e3b7156832) Importer(815301076,1909f56bfc062723c751e8b465ee728b) (PreviewImporter) -> (artifact id: 'c60ff17e6a44578463df59e90776ff81') in 0.5212687 seconds
Number of updated asset objects reloaded before import = 0Number of asset objects unloaded after import = 111

========================================================================
Received Import Request.
  Time since last request: 0.000070 seconds.
  path: Assets/RPG Tiny Hero Duo/Animation/SwordAndShield/InPlace/JumpStart_Normal_InPlace_SwordAndShield.fbx
  artifactKey: Guid(c2b2e4c79d87c3045838cbc5935d8a98) Importer(815301076,1909f56bfc062723c751e8b465ee728b)
Start importing Assets/RPG Tiny Hero Duo/Animation/SwordAndShield/InPlace/JumpStart_Normal_InPlace_SwordAndShield.fbx using Guid(c2b2e4c79d87c3045838cbc5935d8a98) Importer(815301076,1909f56bfc062723c751e8b465ee728b) (PreviewImporter) -> (artifact id: '9b835a929f8b74a15aa0db0b613d705d') in 0.286998 seconds
Number of updated asset objects reloaded before import = 0Number of asset objects unloaded after import = 111

========================================================================
Received Import Request.
  Time since last request: 0.000102 seconds.
  path: Assets/RPG Tiny Hero Duo/Animation/SwordAndShield/InPlace/JumpAir_Spin_InPlace_SwordAndShield.fbx
  artifactKey: Guid(c025fa5a934bfbb40b2bf27c97c22b38) Importer(815301076,1909f56bfc062723c751e8b465ee728b)
Start importing Assets/RPG Tiny Hero Duo/Animation/SwordAndShield/InPlace/JumpAir_Spin_InPlace_SwordAndShield.fbx using Guid(c025fa5a934bfbb40b2bf27c97c22b38) Importer(815301076,1909f56bfc062723c751e8b465ee728b) (PreviewImporter) -> (artifact id: 'c84135d7a9cf32418409cc15cca351c4') in 0.2942091 seconds
Number of updated asset objects reloaded before import = 0Number of asset objects unloaded after import = 111

========================================================================
Received Import Request.
  Time since last request: 0.000114 seconds.
  path: Assets/RPG Tiny Hero Duo/Animation/SwordAndShield/InPlace/JumpFull_Normal_InPlace_SwordAndShield.fbx
  artifactKey: Guid(41974026cbc6b884aa451c380d3c6dcb) Importer(815301076,1909f56bfc062723c751e8b465ee728b)
Start importing Assets/RPG Tiny Hero Duo/Animation/SwordAndShield/InPlace/JumpFull_Normal_InPlace_SwordAndShield.fbx using Guid(41974026cbc6b884aa451c380d3c6dcb) Importer(815301076,1909f56bfc062723c751e8b465ee728b) (PreviewImporter) -> (artifact id: 'fc6d50a308e947917803b6560f469aa3') in 0.292669 seconds
Number of updated asset objects reloaded before import = 0Number of asset objects unloaded after import = 111

========================================================================
Received Import Request.
  Time since last request: 0.000072 seconds.
  path: Assets/RPG Tiny Hero Duo/Animation/SwordAndShield/InPlace/MoveFWD_Battle_InPlace_SwordAndShield.fbx
  artifactKey: Guid(7d4f9e9da55a3bd4f958a63308a522a1) Importer(815301076,1909f56bfc062723c751e8b465ee728b)
Start importing Assets/RPG Tiny Hero Duo/Animation/SwordAndShield/InPlace/MoveFWD_Battle_InPlace_SwordAndShield.fbx using Guid(7d4f9e9da55a3bd4f958a63308a522a1) Importer(815301076,1909f56bfc062723c751e8b465ee728b) (PreviewImporter) -> (artifact id: 'a7223d59c550c01978b1dc3a162ef8c2') in 0.2604741 seconds
Number of updated asset objects reloaded before import = 0Number of asset objects unloaded after import = 111

========================================================================
Received Import Request.
  Time since last request: 0.000079 seconds.
  path: Assets/RPG Tiny Hero Duo/Animation/SwordAndShield/Idle_Battle_SwordAndShiled.fbx
  artifactKey: Guid(0308cf4e83cf517488b60af58b290fe0) Importer(815301076,1909f56bfc062723c751e8b465ee728b)
Start importing Assets/RPG Tiny Hero Duo/Animation/SwordAndShield/Idle_Battle_SwordAndShiled.fbx using Guid(0308cf4e83cf517488b60af58b290fe0) Importer(815301076,1909f56bfc062723c751e8b465ee728b) (PreviewImporter) -> (artifact id: '96e22198c544aaa52f307f0ed88006bb') in 0.2477006 seconds
Number of updated asset objects reloaded before import = 0Number of asset objects unloaded after import = 113

========================================================================
Received Import Request.
  Time since last request: 0.000069 seconds.
  path: Assets/RPG Tiny Hero Duo/Animation/SwordAndShield/Idle_Normal_SwordAndShield.fbx
  artifactKey: Guid(423aabfede0896f4db862ab8e54dde30) Importer(815301076,1909f56bfc062723c751e8b465ee728b)
Start importing Assets/RPG Tiny Hero Duo/Animation/SwordAndShield/Idle_Normal_SwordAndShield.fbx using Guid(423aabfede0896f4db862ab8e54dde30) Importer(815301076,1909f56bfc062723c751e8b465ee728b) (PreviewImporter) -> (artifact id: '7e0d6ae78e9addbfaa98b3c8a4f63b08') in 0.247537 seconds
Number of updated asset objects reloaded before import = 0Number of asset objects unloaded after import = 111

========================================================================
Received Import Request.
  Time since last request: 0.000116 seconds.
  path: Assets/RPG Tiny Hero Duo/Animation/SwordAndShield/InPlace/MoveFWD_Normal_InPlace_SwordAndShield.fbx
  artifactKey: Guid(0791e523b7f1b2740a3b1cde42b6aeac) Importer(815301076,1909f56bfc062723c751e8b465ee728b)
Start importing Assets/RPG Tiny Hero Duo/Animation/SwordAndShield/InPlace/MoveFWD_Normal_InPlace_SwordAndShield.fbx using Guid(0791e523b7f1b2740a3b1cde42b6aeac) Importer(815301076,1909f56bfc062723c751e8b465ee728b) (PreviewImporter) -> (artifact id: '221a2cfe57b420414287afb32f04eb5f') in 0.2459539 seconds
Number of updated asset objects reloaded before import = 0Number of asset objects unloaded after import = 111

========================================================================
Received Import Request.
  Time since last request: 11.985170 seconds.
  path: Assets/RPG Tiny Hero Duo/Texture/MetallicSmoothness.png
  artifactKey: Guid(2b33ecf7ab8baf5488638fd4a2fab00b) Importer(815301076,1909f56bfc062723c751e8b465ee728b)
Start importing Assets/RPG Tiny Hero Duo/Texture/MetallicSmoothness.png using Guid(2b33ecf7ab8baf5488638fd4a2fab00b) Importer(815301076,1909f56bfc062723c751e8b465ee728b) (PreviewImporter) -> (artifact id: '3965d78496d8878865295b5e7289eaba') in 0.0447872 seconds
Number of updated asset objects reloaded before import = 0Number of asset objects unloaded after import = 2

========================================================================
Received Import Request.
  Time since last request: 3.062162 seconds.
  path: Assets/RPG Tiny Hero Duo/Mesh/OHS03PBR.fbx
  artifactKey: Guid(de392f919a34e4e4c94a6e77ef08a22d) Importer(815301076,1909f56bfc062723c751e8b465ee728b)
Start importing Assets/RPG Tiny Hero Duo/Mesh/OHS03PBR.fbx using Guid(de392f919a34e4e4c94a6e77ef08a22d) Importer(815301076,1909f56bfc062723c751e8b465ee728b) (PreviewImporter) -> (artifact id: 'e6ec891afeb6c91ad26857a693fb81f3') in 0.0623985 seconds
Number of updated asset objects reloaded before import = 0Number of asset objects unloaded after import = 7

========================================================================
Received Import Request.
  Time since last request: 0.000030 seconds.
  path: Assets/RPG Tiny Hero Duo/Mesh/OHS06PBR.fbx
  artifactKey: Guid(8e583e9185af1be4e9dd6f501e6fe7d4) Importer(815301076,1909f56bfc062723c751e8b465ee728b)
Start importing Assets/RPG Tiny Hero Duo/Mesh/OHS06PBR.fbx using Guid(8e583e9185af1be4e9dd6f501e6fe7d4) Importer(815301076,1909f56bfc062723c751e8b465ee728b) (PreviewImporter) -> (artifact id: 'e115c2b834a274b932aa74186a016315') in 0.0963454 seconds
Number of updated asset objects reloaded before import = 0Number of asset objects unloaded after import = 8

========================================================================
Received Import Request.
  Time since last request: 0.000051 seconds.
  path: Assets/RPG Tiny Hero Duo/Mesh/Shield08Polyart.fbx
  artifactKey: Guid(c987a0ed5f8902041b988ba78a977080) Importer(815301076,1909f56bfc062723c751e8b465ee728b)
Start importing Assets/RPG Tiny Hero Duo/Mesh/Shield08Polyart.fbx using Guid(c987a0ed5f8902041b988ba78a977080) Importer(815301076,1909f56bfc062723c751e8b465ee728b) (PreviewImporter) -> (artifact id: 'e13b300fde136bb2ee903693a3f8fc97') in 0.0584046 seconds
Number of updated asset objects reloaded before import = 0Number of asset objects unloaded after import = 7

========================================================================
Received Import Request.
  Time since last request: 0.000114 seconds.
  path: Assets/RPG Tiny Hero Duo/Mesh/OHS06Polyart.fbx
  artifactKey: Guid(892e5ad366182fd4f823a971e9e16281) Importer(815301076,1909f56bfc062723c751e8b465ee728b)
Start importing Assets/RPG Tiny Hero Duo/Mesh/OHS06Polyart.fbx using Guid(892e5ad366182fd4f823a971e9e16281) Importer(815301076,1909f56bfc062723c751e8b465ee728b) (PreviewImporter) -> (artifact id: '7842e7c4d38d51f39d0bb6991e1ae40f') in 0.0793066 seconds
Number of updated asset objects reloaded before import = 0Number of asset objects unloaded after import = 7

========================================================================
Received Import Request.
  Time since last request: 63.233625 seconds.
  path: Assets/Settings/Mobile_RPAsset.asset
  artifactKey: Guid(5e6cbd92db86f4b18aec3ed561671858) Importer(815301076,1909f56bfc062723c751e8b465ee728b)
Start importing Assets/Settings/Mobile_RPAsset.asset using Guid(5e6cbd92db86f4b18aec3ed561671858) Importer(815301076,1909f56bfc062723c751e8b465ee728b) (PreviewImporter) -> (artifact id: '4f72d667b303dfb429e5dcf2797d7d7c') in 0.0031348 seconds
Number of updated asset objects reloaded before import = 0Number of asset objects unloaded after import = 2

========================================================================
Received Import Request.
  Time since last request: 0.000053 seconds.
  path: Assets/Settings/PC_RPAsset.asset
  artifactKey: Guid(4b83569d67af61e458304325a23e5dfd) Importer(815301076,1909f56bfc062723c751e8b465ee728b)
Start importing Assets/Settings/PC_RPAsset.asset using Guid(4b83569d67af61e458304325a23e5dfd) Importer(815301076,1909f56bfc062723c751e8b465ee728b) (PreviewImporter) -> (artifact id: 'db197cde3899097fb35a5e04db69c105') in 0.0012884 seconds
Number of updated asset objects reloaded before import = 0Number of asset objects unloaded after import = 0

========================================================================
Received Prepare
Begin MonoManager ReloadAssembly
- Loaded All Assemblies, in  1.176 seconds
Refreshing native plugins compatible for Editor in 1.06 ms, found 3 plugins.
Native extension for WindowsStandalone target not found
Native extension for WebGL target not found
Mono: successfully reloaded assembly
- Finished resetting the current domain, in  1.147 seconds
Domain Reload Profiling: 2323ms
	BeginReloadAssembly (372ms)
		ExecutionOrderSort (0ms)
		DisableScriptedObjects (33ms)
		BackupInstance (0ms)
		ReleaseScriptingObjects (1ms)
		CreateAndSetChildDomain (112ms)
	RebuildCommonClasses (53ms)
	RebuildNativeTypeToScriptingClass (21ms)
	initialDomainReloadingComplete (50ms)
	LoadAllAssembliesAndSetupDomain (679ms)
		LoadAssemblies (574ms)
		RebuildTransferFunctionScriptingTraits (0ms)
		AnalyzeDomain (279ms)
			TypeCache.Refresh (15ms)
				TypeCache.ScanAssembly (1ms)
			BuildScriptInfoCaches (242ms)
			ResolveRequiredComponents (14ms)
	FinalizeReload (1148ms)
		ReleaseScriptCaches (0ms)
		RebuildScriptCaches (0ms)
		SetupLoadedEditorAssemblies (830ms)
			LogAssemblyErrors (0ms)
			InitializePlatformSupportModulesInManaged (4ms)
			SetLoadedEditorAssemblies (10ms)
			BeforeProcessingInitializeOnLoad (156ms)
			ProcessInitializeOnLoadAttributes (564ms)
			ProcessInitializeOnLoadMethodAttributes (88ms)
			AfterProcessingInitializeOnLoad (7ms)
			EditorAssembliesLoaded (1ms)
		ExecutionOrderSort2 (0ms)
		AwakeInstancesAfterBackupRestoration (19ms)
Refreshing native plugins compatible for Editor in 0.93 ms, found 3 plugins.
Preloading 0 native plugins for Editor in 0.00 ms.
Unloading 15 Unused Serialized files (Serialized files now loaded: 0)
Unloading 5972 unused Assets / (5.5 MB). Loaded Objects now: 6756.
Memory consumption went from 161.8 MB to 156.3 MB.
Total: 13.735500 ms (FindLiveObjects: 0.974000 ms CreateObjectMapping: 0.780800 ms MarkObjects: 6.486300 ms  DeleteObjects: 5.492400 ms)

Prepare: number of updated asset objects reloaded= 0
Editor requested this worker to shutdown with reason: Scaling down because of idle timeout
AssetImportWorker is now disconnected from the server
Process exiting
Exiting without the bug reporter. Application will terminate with return code 0